<?xml version="1.0" encoding="UTF-8"?>
<testsuite name="br.com.desafio_java.DesafioJavaApplicationTests" tests="1" skipped="0" failures="0" errors="0" timestamp="2020-12-15T18:30:43" hostname="DESKTOP-4824DL9" time="0.11">
  <properties/>
  <testcase name="contextLoads()" classname="br.com.desafio_java.DesafioJavaApplicationTests" time="0.11"/>
  <system-out><![CDATA[15:30:37.163 [Test worker] DEBUG org.springframework.test.context.BootstrapUtils - Instantiating CacheAwareContextLoaderDelegate from class [org.springframework.test.context.cache.DefaultCacheAwareContextLoaderDelegate]
15:30:37.177 [Test worker] DEBUG org.springframework.test.context.BootstrapUtils - Instantiating BootstrapContext using constructor [public org.springframework.test.context.support.DefaultBootstrapContext(java.lang.Class,org.springframework.test.context.CacheAwareContextLoaderDelegate)]
15:30:37.223 [Test worker] DEBUG org.springframework.test.context.BootstrapUtils - Instantiating TestContextBootstrapper for test class [br.com.desafio_java.DesafioJavaApplicationTests] from class [org.springframework.boot.test.context.SpringBootTestContextBootstrapper]
15:30:37.236 [Test worker] INFO org.springframework.boot.test.context.SpringBootTestContextBootstrapper - Neither @ContextConfiguration nor @ContextHierarchy found for test class [br.com.desafio_java.DesafioJavaApplicationTests], using SpringBootContextLoader
15:30:37.241 [Test worker] DEBUG org.springframework.test.context.support.AbstractContextLoader - Did not detect default resource location for test class [br.com.desafio_java.DesafioJavaApplicationTests]: class path resource [br/com/desafio_java/DesafioJavaApplicationTests-context.xml] does not exist
15:30:37.241 [Test worker] DEBUG org.springframework.test.context.support.AbstractContextLoader - Did not detect default resource location for test class [br.com.desafio_java.DesafioJavaApplicationTests]: class path resource [br/com/desafio_java/DesafioJavaApplicationTestsContext.groovy] does not exist
15:30:37.242 [Test worker] INFO org.springframework.test.context.support.AbstractContextLoader - Could not detect default resource locations for test class [br.com.desafio_java.DesafioJavaApplicationTests]: no resource found for suffixes {-context.xml, Context.groovy}.
15:30:37.244 [Test worker] INFO org.springframework.test.context.support.AnnotationConfigContextLoaderUtils - Could not detect default configuration classes for test class [br.com.desafio_java.DesafioJavaApplicationTests]: DesafioJavaApplicationTests does not declare any static, non-private, non-final, nested classes annotated with @Configuration.
15:30:37.294 [Test worker] DEBUG org.springframework.test.context.support.ActiveProfilesUtils - Could not find an 'annotation declaring class' for annotation type [org.springframework.test.context.ActiveProfiles] and class [br.com.desafio_java.DesafioJavaApplicationTests]
15:30:37.385 [Test worker] DEBUG org.springframework.context.annotation.ClassPathScanningCandidateComponentProvider - Identified candidate component class: file [D:\Teste java\desafio_java\build\classes\java\main\br\com\desafio_java\DesafioJavaApplication.class]
15:30:37.387 [Test worker] INFO org.springframework.boot.test.context.SpringBootTestContextBootstrapper - Found @SpringBootConfiguration br.com.desafio_java.DesafioJavaApplication for test class br.com.desafio_java.DesafioJavaApplicationTests
15:30:37.505 [Test worker] DEBUG org.springframework.boot.test.context.SpringBootTestContextBootstrapper - @TestExecutionListeners is not present for class [br.com.desafio_java.DesafioJavaApplicationTests]: using defaults.
15:30:37.506 [Test worker] INFO org.springframework.boot.test.context.SpringBootTestContextBootstrapper - Loaded default TestExecutionListener class names from location [META-INF/spring.factories]: [org.springframework.boot.test.autoconfigure.restdocs.RestDocsTestExecutionListener, org.springframework.boot.test.autoconfigure.web.client.MockRestServiceServerResetTestExecutionListener, org.springframework.boot.test.autoconfigure.web.servlet.MockMvcPrintOnlyOnFailureTestExecutionListener, org.springframework.boot.test.autoconfigure.web.servlet.WebDriverTestExecutionListener, org.springframework.boot.test.autoconfigure.webservices.client.MockWebServiceServerTestExecutionListener, org.springframework.boot.test.mock.mockito.MockitoTestExecutionListener, org.springframework.boot.test.mock.mockito.ResetMocksTestExecutionListener, org.springframework.test.context.web.ServletTestExecutionListener, org.springframework.test.context.support.DirtiesContextBeforeModesTestExecutionListener, org.springframework.test.context.support.DependencyInjectionTestExecutionListener, org.springframework.test.context.support.DirtiesContextTestExecutionListener, org.springframework.test.context.transaction.TransactionalTestExecutionListener, org.springframework.test.context.jdbc.SqlScriptsTestExecutionListener, org.springframework.test.context.event.EventPublishingTestExecutionListener]
15:30:37.524 [Test worker] INFO org.springframework.boot.test.context.SpringBootTestContextBootstrapper - Using TestExecutionListeners: [org.springframework.test.context.web.ServletTestExecutionListener@25aace37, org.springframework.test.context.support.DirtiesContextBeforeModesTestExecutionListener@534f44e8, org.springframework.boot.test.mock.mockito.MockitoTestExecutionListener@1457908d, org.springframework.boot.test.autoconfigure.SpringBootDependencyInjectionTestExecutionListener@2b5b0431, org.springframework.test.context.support.DirtiesContextTestExecutionListener@58f3ac1b, org.springframework.test.context.transaction.TransactionalTestExecutionListener@7132cbe9, org.springframework.test.context.jdbc.SqlScriptsTestExecutionListener@5949feba, org.springframework.test.context.event.EventPublishingTestExecutionListener@2ac0032e, org.springframework.boot.test.autoconfigure.restdocs.RestDocsTestExecutionListener@6f96f119, org.springframework.boot.test.autoconfigure.web.client.MockRestServiceServerResetTestExecutionListener@89c1281, org.springframework.boot.test.autoconfigure.web.servlet.MockMvcPrintOnlyOnFailureTestExecutionListener@1e368106, org.springframework.boot.test.autoconfigure.web.servlet.WebDriverTestExecutionListener@3445289d, org.springframework.boot.test.autoconfigure.webservices.client.MockWebServiceServerTestExecutionListener@6c831935, org.springframework.boot.test.mock.mockito.ResetMocksTestExecutionListener@463063e]
15:30:37.527 [Test worker] DEBUG org.springframework.test.context.support.AbstractDirtiesContextTestExecutionListener - Before test class: context [DefaultTestContext@599b5d03 testClass = DesafioJavaApplicationTests, testInstance = [null], testMethod = [null], testException = [null], mergedContextConfiguration = [WebMergedContextConfiguration@34b0fda1 testClass = DesafioJavaApplicationTests, locations = '{}', classes = '{class br.com.desafio_java.DesafioJavaApplication}', contextInitializerClasses = '[]', activeProfiles = '{}', propertySourceLocations = '{}', propertySourceProperties = '{org.springframework.boot.test.context.SpringBootTestContextBootstrapper=true}', contextCustomizers = set[org.springframework.boot.test.autoconfigure.actuate.metrics.MetricsExportContextCustomizerFactory$DisableMetricExportContextCustomizer@79244c43, org.springframework.boot.test.autoconfigure.properties.PropertyMappingContextCustomizer@0, org.springframework.boot.test.autoconfigure.web.servlet.WebDriverContextCustomizerFactory$Customizer@37be00da, org.springframework.boot.test.context.filter.ExcludeFilterContextCustomizer@259a1b0d, org.springframework.boot.test.json.DuplicateJsonObjectContextCustomizerFactory$DuplicateJsonObjectContextCustomizer@70a4f31b, org.springframework.boot.test.mock.mockito.MockitoContextCustomizer@0, org.springframework.boot.test.web.client.TestRestTemplateContextCustomizer@78b8a56, org.springframework.boot.test.context.SpringBootTestArgs@1, org.springframework.boot.test.context.SpringBootTestWebEnvironment@62cb9b39], resourceBasePath = 'src/main/webapp', contextLoader = 'org.springframework.boot.test.context.SpringBootContextLoader', parent = [null]], attributes = map['org.springframework.test.context.web.ServletTestExecutionListener.activateListener' -> true]], class annotated with @DirtiesContext [false] with mode [null].
15:30:37.572 [Test worker] DEBUG org.springframework.test.context.support.TestPropertySourceUtils - Adding inlined properties to environment: {spring.jmx.enabled=false, org.springframework.boot.test.context.SpringBootTestContextBootstrapper=true}

  .   ____          _            __ _ _
 /\\ / ___'_ __ _ _(_)_ __  __ _ \ \ \ \
( ( )\___ | '_ | '_| | '_ \/ _` | \ \ \ \
 \\/  ___)| |_)| | | | | || (_| |  ) ) ) )
  '  |____| .__|_| |_|_| |_\__, | / / / /
 =========|_|==============|___/=/_/_/_/
 :: Spring Boot ::                (v2.4.1)

2020-12-15 15:30:37.866  INFO 14184 --- [    Test worker] b.c.d.DesafioJavaApplicationTests        : Starting DesafioJavaApplicationTests using Java 11.0.9 on DESKTOP-4824DL9 with PID 14184 (started by vinicius de oliveira in D:\Teste java\desafio_java)
2020-12-15 15:30:37.870  INFO 14184 --- [    Test worker] b.c.d.DesafioJavaApplicationTests        : No active profile set, falling back to default profiles: default
2020-12-15 15:30:39.050  INFO 14184 --- [    Test worker] .s.d.r.c.RepositoryConfigurationDelegate : Bootstrapping Spring Data JPA repositories in DEFAULT mode.
2020-12-15 15:30:39.152  INFO 14184 --- [    Test worker] .s.d.r.c.RepositoryConfigurationDelegate : Finished Spring Data repository scanning in 90 ms. Found 5 JPA repository interfaces.
2020-12-15 15:30:39.849  INFO 14184 --- [    Test worker] com.zaxxer.hikari.HikariDataSource       : HikariPool-1 - Starting...
2020-12-15 15:30:40.057  INFO 14184 --- [    Test worker] com.zaxxer.hikari.HikariDataSource       : HikariPool-1 - Start completed.
2020-12-15 15:30:40.149  INFO 14184 --- [    Test worker] o.hibernate.jpa.internal.util.LogHelper  : HHH000204: Processing PersistenceUnitInfo [name: default]
2020-12-15 15:30:40.219  INFO 14184 --- [    Test worker] org.hibernate.Version                    : HHH000412: Hibernate ORM core version 5.4.25.Final
2020-12-15 15:30:40.422  INFO 14184 --- [    Test worker] o.hibernate.annotations.common.Version   : HCANN000001: Hibernate Commons Annotations {5.1.2.Final}
2020-12-15 15:30:40.572  INFO 14184 --- [    Test worker] org.hibernate.dialect.Dialect            : HHH000400: Using dialect: org.hibernate.dialect.H2Dialect
2020-12-15 15:30:41.366  INFO 14184 --- [    Test worker] o.h.e.t.j.p.i.JtaPlatformInitiator       : HHH000490: Using JtaPlatform implementation: [org.hibernate.engine.transaction.jta.platform.internal.NoJtaPlatform]
2020-12-15 15:30:41.375  INFO 14184 --- [    Test worker] j.LocalContainerEntityManagerFactoryBean : Initialized JPA EntityManagerFactory for persistence unit 'default'
2020-12-15 15:30:42.745  INFO 14184 --- [    Test worker] pertySourcedRequestMappingHandlerMapping : Mapped URL path [/v2/api-docs] onto method [springfox.documentation.swagger2.web.Swagger2Controller#getDocumentation(String, HttpServletRequest)]
2020-12-15 15:30:43.180  WARN 14184 --- [    Test worker] JpaBaseConfiguration$JpaWebConfiguration : spring.jpa.open-in-view is enabled by default. Therefore, database queries may be performed during view rendering. Explicitly configure spring.jpa.open-in-view to disable this warning
2020-12-15 15:30:43.380  INFO 14184 --- [    Test worker] o.s.b.a.h2.H2ConsoleAutoConfiguration    : H2 console available at '/h2'. Database available at 'jdbc:h2:mem:desafio'
2020-12-15 15:30:43.471  INFO 14184 --- [    Test worker] d.s.w.p.DocumentationPluginsBootstrapper : Context refreshed
2020-12-15 15:30:43.497  INFO 14184 --- [    Test worker] d.s.w.p.DocumentationPluginsBootstrapper : Found 1 custom documentation plugin(s)
2020-12-15 15:30:43.543  INFO 14184 --- [    Test worker] s.d.s.w.s.ApiListingReferenceScanner     : Scanning for api listing references
2020-12-15 15:30:43.699  INFO 14184 --- [    Test worker] .d.s.w.r.o.CachingOperationNameGenerator : Generating unique operation named: BuscarPorIdUsingGET_1
2020-12-15 15:30:43.703  INFO 14184 --- [    Test worker] .d.s.w.r.o.CachingOperationNameGenerator : Generating unique operation named: BuscarTodosUsingGET_1
2020-12-15 15:30:43.706  INFO 14184 --- [    Test worker] .d.s.w.r.o.CachingOperationNameGenerator : Generating unique operation named: DeletarUsingDELETE_1
2020-12-15 15:30:43.723  INFO 14184 --- [    Test worker] .d.s.w.r.o.CachingOperationNameGenerator : Generating unique operation named: BuscarPorIdUsingGET_2
2020-12-15 15:30:43.726  INFO 14184 --- [    Test worker] .d.s.w.r.o.CachingOperationNameGenerator : Generating unique operation named: BuscarTodosUsingGET_2
2020-12-15 15:30:43.729  INFO 14184 --- [    Test worker] .d.s.w.r.o.CachingOperationNameGenerator : Generating unique operation named: DeletarUsingDELETE_2
2020-12-15 15:30:43.740  INFO 14184 --- [    Test worker] .d.s.w.r.o.CachingOperationNameGenerator : Generating unique operation named: BuscarPorIdUsingGET_3
2020-12-15 15:30:43.743  INFO 14184 --- [    Test worker] .d.s.w.r.o.CachingOperationNameGenerator : Generating unique operation named: BuscarTodosUsingGET_3
2020-12-15 15:30:43.746  INFO 14184 --- [    Test worker] .d.s.w.r.o.CachingOperationNameGenerator : Generating unique operation named: DeletarUsingDELETE_3
2020-12-15 15:30:43.764  INFO 14184 --- [    Test worker] .d.s.w.r.o.CachingOperationNameGenerator : Generating unique operation named: BuscarPorIdUsingGET_4
2020-12-15 15:30:43.768  INFO 14184 --- [    Test worker] .d.s.w.r.o.CachingOperationNameGenerator : Generating unique operation named: BuscarTodosUsingGET_4
2020-12-15 15:30:43.771  INFO 14184 --- [    Test worker] .d.s.w.r.o.CachingOperationNameGenerator : Generating unique operation named: DeletarUsingDELETE_4
2020-12-15 15:30:43.795  INFO 14184 --- [    Test worker] b.c.d.DesafioJavaApplicationTests        : Started DesafioJavaApplicationTests in 6.213 seconds (JVM running for 7.751)
]]></system-out>
  <system-err><![CDATA[]]></system-err>
</testsuite>
